2015-02-11 14:23:53,283 manager INFO 1.1.0
2015-02-11 14:23:53,283 manager INFO Copyright (C) 2003-2010
2015-02-11 14:23:53,283 manager INFO   Noriaki Ando
2015-02-11 14:23:53,284 manager INFO   Intelligent Systems Research Institute, AIST
2015-02-11 14:23:53,284 manager INFO Manager starting.
2015-02-11 14:23:53,284 manager INFO Starting local logging.
2015-02-11 14:23:53,286 manager.namingmanager INFO NameServer connection succeeded: corba/localhost
2015-02-11 14:23:53,291 ManagerServant INFO Master manager not found
2015-02-11 14:23:53,292 manager WARNING Traceback (most recent call last):
  File "/usr/lib/python2.7/dist-packages/OpenRTM_aist/Manager.py", line 1900, in initManagerServant
    reffile = file(self._config.getProperty("manager.refstring_path"),'w')
IOError: [Errno 13] Permission denied: '/var/log/rtcmanager.ref'

2015-02-11 14:23:53,292 LocalServiceAdmin INFO All the local services are enabled.
2015-02-11 14:23:53,298 ec_base INFO setRate(1000000.000000) done
2015-02-11 14:23:53,298 ec_base INFO setRate(1000.000000) done
2015-02-11 14:23:53,299 rtobject INFO 1 execution context was created.
2015-02-11 14:23:53,299 eSEAT0 INFO eSEAT (Extended Simple Event Action Transfer) version 0.2
2015-02-11 14:23:53,299 eSEAT0 INFO Copyright (C) 2009-2014 Yosuke Matsusaka and Isao Hara
2015-02-11 14:23:53,299 rtobject INFO Initial active configuration set is default.
2015-02-11 14:23:53,300 eSEAT0 INFO Start loadSEATML:../../cfg/dialogue.seatml
2015-02-11 14:23:53,300 eSEAT0 INFO load script file: ../../cfg/dialogue.seatml
2015-02-11 14:23:53,301 eSEAT0 INFO create adaptor: rtcin: speechin
2015-02-11 14:23:53,301 eSEAT0 INFO create inport: speechin
2015-02-11 14:23:53,302 eSEAT0 INFO create adaptor: rtcout: speechout
2015-02-11 14:23:53,302 eSEAT0 INFO create outport: speechout
2015-02-11 14:23:53,304 eSEAT0 INFO register key=OPEN:speechin:こんにちは
2015-02-11 14:23:53,304 eSEAT0 INFO register key=OPEN:speechin:さようなら
2015-02-11 14:23:53,304 eSEAT0 INFO current state OPEN
2015-02-11 14:23:53,305 eSEAT0 INFO loaded successfully
2015-02-11 14:24:39,739 ec_worker WARNING ExecutionContext is already stopped.
2015-02-11 14:24:39,739 ec_base ERROR Invoking on_shutdown() for each RTC failed.
